0 info it worked if it ends with ok
1 verbose cli [ '/usr/local/bin/node', '/usr/local/bin/npm', 'start' ]
2 info using npm@3.7.3
3 info using node@v5.9.1
4 verbose run-script [ 'prestart', 'start', 'poststart' ]
5 info lifecycle bluemix-fishing-game@0.0.1~prestart: bluemix-fishing-game@0.0.1
6 silly lifecycle bluemix-fishing-game@0.0.1~prestart: no script for prestart, continuing
7 info lifecycle bluemix-fishing-game@0.0.1~start: bluemix-fishing-game@0.0.1
8 verbose lifecycle bluemix-fishing-game@0.0.1~start: unsafe-perm in lifecycle true
9 verbose lifecycle bluemix-fishing-game@0.0.1~start: PATH: /usr/local/lib/node_modules/npm/bin/node-gyp-bin:/Users/kimmok/git/Bluemix-fishing-game/node_modules/.bin:/usr/local/bin:/Users/kimmok/Tools/apache-maven-3.3.9/bin:/usr/local/bin:/usr/bin:/bin:/usr/sbin:/sbin:/usr/local/Bluemix/bin
10 verbose lifecycle bluemix-fishing-game@0.0.1~start: CWD: /Users/kimmok/git/Bluemix-fishing-game
11 silly lifecycle bluemix-fishing-game@0.0.1~start: Args: [ '-c', 'node app.js' ]
12 silly lifecycle bluemix-fishing-game@0.0.1~start: Returned: code: 1  signal: null
13 info lifecycle bluemix-fishing-game@0.0.1~start: Failed to exec start script
14 verbose stack Error: bluemix-fishing-game@0.0.1 start: `node app.js`
14 verbose stack Exit status 1
14 verbose stack     at EventEmitter.<anonymous> (/usr/local/lib/node_modules/npm/lib/utils/lifecycle.js:239:16)
14 verbose stack     at emitTwo (events.js:100:13)
14 verbose stack     at EventEmitter.emit (events.js:185:7)
14 verbose stack     at ChildProcess.<anonymous> (/usr/local/lib/node_modules/npm/lib/utils/spawn.js:24:14)
14 verbose stack     at emitTwo (events.js:100:13)
14 verbose stack     at ChildProcess.emit (events.js:185:7)
14 verbose stack     at maybeClose (internal/child_process.js:850:16)
14 verbose stack     at Process.ChildProcess._handle.onexit (internal/child_process.js:215:5)
15 verbose pkgid bluemix-fishing-game@0.0.1
16 verbose cwd /Users/kimmok/git/Bluemix-fishing-game
17 error Darwin 16.0.0
18 error argv "/usr/local/bin/node" "/usr/local/bin/npm" "start"
19 error node v5.9.1
20 error npm  v3.7.3
21 error code ELIFECYCLE
22 error bluemix-fishing-game@0.0.1 start: `node app.js`
22 error Exit status 1
23 error Failed at the bluemix-fishing-game@0.0.1 start script 'node app.js'.
23 error Make sure you have the latest version of node.js and npm installed.
23 error If you do, this is most likely a problem with the bluemix-fishing-game package,
23 error not with npm itself.
23 error Tell the author that this fails on your system:
23 error     node app.js
23 error You can get information on how to open an issue for this project with:
23 error     npm bugs bluemix-fishing-game
23 error Or if that isn't available, you can get their info via:
23 error     npm owner ls bluemix-fishing-game
23 error There is likely additional logging output above.
24 verbose exit [ 1, true ]
